 STEADY FLOW WITH NX,NY =   31   21
 XMAX = 3.00
 APPROX. FACT., FDM, EMX= 0.000E+00 0.100E+01 0.000E+00
RE =  0.100E+01 DTIM = 0.100E-01 PRINT INT. = 0.100E+00 TMAX = 0.101E+00


P(K,1)=-0.4272E+04-0.8543E+02-0.8326E+02-0.8267E+02-0.8250E+02-0.8246E+02-0.8246E+02-0.8246E+02-0.8246E+02-0.8244E+02-0.8240E+02-0.8232E+02-0.8222E+02-0.8210E+02-0.8197E+02-0.8184E+02-0.8171E+02-0.8159E+02-0.8149E+02-0.8142E+02-0.8137E+04
PRESSURE AT J=2-0.5169E+02-0.1641E+03-0.1649E+03-0.1649E+03-0.1649E+03-0.1649E+03-0.1649E+03-0.1649E+03-0.1649E+03-0.1649E+03-0.1648E+03-0.1647E+03-0.1645E+03-0.1642E+03-0.1640E+03-0.1637E+03-0.1634E+03-0.1632E+03-0.1630E+03-0.1628E+03-0.8133E+02
PRESSURE AT J=3-0.5369E+02-0.1631E+03-0.1639E+03-0.1642E+03-0.1643E+03-0.1644E+03-0.1645E+03-0.1646E+03-0.1646E+03-0.1646E+03-0.1645E+03-0.1643E+03-0.1641E+03-0.1638E+03-0.1636E+03-0.1633E+03-0.1630E+03-0.1628E+03-0.1626E+03-0.1624E+03-0.8117E+02
P(K,1)= 0.5869E+04 0.1174E+03 0.1154E+03 0.1171E+03 0.1184E+03 0.1192E+03 0.1197E+03 0.1201E+03 0.1206E+03 0.1211E+03 0.1216E+03 0.1220E+03 0.1225E+03 0.1231E+03 0.1237E+03 0.1243E+03 0.1250E+03 0.1255E+03 0.1255E+03 0.1247E+03 0.1247E+05
PRESSURE AT J=2 0.7081E+02 0.2246E+03 0.2272E+03 0.2347E+03 0.2374E+03 0.2386E+03 0.2394E+03 0.2402E+03 0.2411E+03 0.2421E+03 0.2432E+03 0.2440E+03 0.2450E+03 0.2460E+03 0.2473E+03 0.2487E+03 0.2501E+03 0.2514E+03 0.2518E+03 0.2487E+03 0.1247E+03
PRESSURE AT J=3 0.7372E+02 0.2241E+03 0.2263E+03 0.2374E+03 0.2405E+03 0.2414E+03 0.2419E+03 0.2425E+03 0.2432E+03 0.2441E+03 0.2451E+03 0.2460E+03 0.2470E+03 0.2482E+03 0.2496E+03 0.2511E+03 0.2527E+03 0.2543E+03 0.2547E+03 0.2495E+03 0.1253E+03
P(K,1)=-0.1424E+05-0.2848E+03-0.2790E+03-0.2806E+03-0.2820E+03-0.2831E+03-0.2838E+03-0.2845E+03-0.2851E+03-0.2857E+03-0.2865E+03-0.2875E+03-0.2885E+03-0.2897E+03-0.2910E+03-0.2923E+03-0.2937E+03-0.2948E+03-0.2952E+03-0.2940E+03-0.2939E+05
PRESSURE AT J=2-0.1721E+03-0.5459E+03-0.5505E+03-0.5615E+03-0.5644E+03-0.5664E+03-0.5678E+03-0.5690E+03-0.5702E+03-0.5714E+03-0.5728E+03-0.5748E+03-0.5770E+03-0.5794E+03-0.5819E+03-0.5847E+03-0.5875E+03-0.5903E+03-0.5919E+03-0.5869E+03-0.2939E+03
PRESSURE AT J=3-0.1788E+03-0.5432E+03-0.5468E+03-0.5641E+03-0.5670E+03-0.5690E+03-0.5701E+03-0.5710E+03-0.5720E+03-0.5731E+03-0.5745E+03-0.5765E+03-0.5787E+03-0.5813E+03-0.5840E+03-0.5871E+03-0.5904E+03-0.5939E+03-0.5960E+03-0.5874E+03-0.2947E+03
P(K,1)= 0.1991E+05 0.3983E+03 0.3910E+03 0.3959E+03 0.3998E+03 0.4023E+03 0.4040E+03 0.4053E+03 0.4066E+03 0.4078E+03 0.4091E+03 0.4104E+03 0.4117E+03 0.4133E+03 0.4150E+03 0.4168E+03 0.4186E+03 0.4200E+03 0.4199E+03 0.4168E+03 0.4165E+05
PRESSURE AT J=2 0.2404E+03 0.7625E+03 0.7699E+03 0.7927E+03 0.8011E+03 0.8055E+03 0.8083E+03 0.8107E+03 0.8131E+03 0.8156E+03 0.8183E+03 0.8207E+03 0.8233E+03 0.8263E+03 0.8298E+03 0.8336E+03 0.8377E+03 0.8417E+03 0.8427E+03 0.8308E+03 0.4163E+03
PRESSURE AT J=3 0.2500E+03 0.7595E+03 0.7637E+03 0.7973E+03 0.8074E+03 0.8110E+03 0.8128E+03 0.8145E+03 0.8163E+03 0.8184E+03 0.8208E+03 0.8233E+03 0.8262E+03 0.8296E+03 0.8334E+03 0.8378E+03 0.8429E+03 0.8483E+03 0.8502E+03 0.8313E+03 0.4177E+03
P(K,1)=-0.4920E+05-0.9840E+03-0.9643E+03-0.9708E+03-0.9756E+03-0.9792E+03-0.9820E+03-0.9844E+03-0.9867E+03-0.9892E+03-0.9920E+03-0.9953E+03-0.9989E+03-0.1003E+04-0.1007E+04-0.1012E+04-0.1016E+04-0.1020E+04-0.1021E+04-0.1017E+04-0.1017E+06
PRESSURE AT J=2-0.5944E+03-0.1885E+04-0.1902E+04-0.1943E+04-0.1952E+04-0.1959E+04-0.1964E+04-0.1969E+04-0.1973E+04-0.1978E+04-0.1984E+04-0.1990E+04-0.1997E+04-0.2005E+04-0.2014E+04-0.2023E+04-0.2033E+04-0.2042E+04-0.2048E+04-0.2030E+04-0.1017E+04
PRESSURE AT J=3-0.6178E+03-0.1877E+04-0.1891E+04-0.1957E+04-0.1964E+04-0.1971E+04-0.1975E+04-0.1978E+04-0.1982E+04-0.1986E+04-0.1992E+04-0.1998E+04-0.2006E+04-0.2014E+04-0.2023E+04-0.2034E+04-0.2045E+04-0.2057E+04-0.2065E+04-0.2034E+04-0.1021E+04
P(K,1)= 0.1643E+05 0.3287E+03 0.3259E+03 0.3424E+03 0.3571E+03 0.3655E+03 0.3703E+03 0.3734E+03 0.3757E+03 0.3776E+03 0.3793E+03 0.3809E+03 0.3825E+03 0.3843E+03 0.3863E+03 0.3885E+03 0.3906E+03 0.3913E+03 0.3871E+03 0.3758E+03 0.3739E+05
PRESSURE AT J=2 0.1978E+03 0.6268E+03 0.6326E+03 0.6865E+03 0.7204E+03 0.7347E+03 0.7423E+03 0.7476E+03 0.7517E+03 0.7554E+03 0.7588E+03 0.7617E+03 0.7648E+03 0.7683E+03 0.7723E+03 0.7771E+03 0.7825E+03 0.7875E+03 0.7814E+03 0.7424E+03 0.3719E+03
PRESSURE AT J=3 0.2052E+03 0.6229E+03 0.6075E+03 0.6743E+03 0.7250E+03 0.7347E+03 0.7382E+03 0.7404E+03 0.7425E+03 0.7448E+03 0.7474E+03 0.7504E+03 0.7539E+03 0.7581E+03 0.7632E+03 0.7694E+03 0.7775E+03 0.7889E+03 0.7852E+03 0.7324E+03 0.3712E+03
P(K,1)= 0.1162E+05 0.2325E+03 0.2264E+03 0.2190E+03 0.2143E+03 0.2110E+03 0.2082E+03 0.2065E+03 0.2057E+03 0.2054E+03 0.2055E+03 0.2058E+03 0.2061E+03 0.2066E+03 0.2072E+03 0.2078E+03 0.2083E+03 0.2090E+03 0.2113E+03 0.2173E+03 0.2186E+05
PRESSURE AT J=2 0.1407E+03 0.4466E+03 0.4540E+03 0.4355E+03 0.4272E+03 0.4213E+03 0.4154E+03 0.4122E+03 0.4109E+03 0.4106E+03 0.4109E+03 0.4114E+03 0.4121E+03 0.4132E+03 0.4144E+03 0.4156E+03 0.4165E+03 0.4163E+03 0.4189E+03 0.4394E+03 0.2199E+03
PRESSURE AT J=3 0.1470E+03 0.4471E+03 0.4735E+03 0.4478E+03 0.4428E+03 0.4383E+03 0.4330E+03 0.4316E+03 0.4321E+03 0.4331E+03 0.4342E+03 0.4349E+03 0.4355E+03 0.4360E+03 0.4365E+03 0.4362E+03 0.4336E+03 0.4259E+03 0.4229E+03 0.4495E+03 0.2215E+03
P(K,1)=-0.3475E+05-0.6949E+03-0.6818E+03-0.6849E+03-0.6886E+03-0.6905E+03-0.6919E+03-0.6932E+03-0.6946E+03-0.6964E+03-0.6986E+03-0.7013E+03-0.7045E+03-0.7081E+03-0.7120E+03-0.7161E+03-0.7202E+03-0.7235E+03-0.7252E+03-0.7248E+03-0.7253E+05
PRESSURE AT J=2-0.4196E+03-0.1331E+04-0.1347E+04-0.1369E+04-0.1379E+04-0.1382E+04-0.1384E+04-0.1386E+04-0.1389E+04-0.1392E+04-0.1397E+04-0.1402E+04-0.1409E+04-0.1416E+04-0.1424E+04-0.1432E+04-0.1441E+04-0.1449E+04-0.1453E+04-0.1449E+04-0.7258E+03
PRESSURE AT J=3-0.4369E+03-0.1328E+04-0.1351E+04-0.1384E+04-0.1398E+04-0.1400E+04-0.1402E+04-0.1405E+04-0.1407E+04-0.1411E+04-0.1416E+04-0.1421E+04-0.1428E+04-0.1435E+04-0.1443E+04-0.1451E+04-0.1459E+04-0.1465E+04-0.1467E+04-0.1457E+04-0.7293E+03
P(K,1)= 0.3253E+05 0.6507E+03 0.6396E+03 0.6506E+03 0.6613E+03 0.6678E+03 0.6721E+03 0.6754E+03 0.6783E+03 0.6811E+03 0.6840E+03 0.6870E+03 0.6901E+03 0.6936E+03 0.6974E+03 0.7016E+03 0.7057E+03 0.7087E+03 0.7079E+03 0.7010E+03 0.7002E+05
PRESSURE AT J=2 0.3926E+03 0.1245E+04 0.1257E+04 0.1301E+04 0.1327E+04 0.1338E+04 0.1345E+04 0.1351E+04 0.1357E+04 0.1362E+04 0.1368E+04 0.1374E+04 0.1380E+04 0.1387E+04 0.1395E+04 0.1403E+04 0.1412E+04 0.1421E+04 0.1422E+04 0.1396E+04 0.6993E+03
PRESSURE AT J=3 0.4081E+03 0.1240E+04 0.1240E+04 0.1301E+04 0.1336E+04 0.1345E+04 0.1350E+04 0.1354E+04 0.1358E+04 0.1363E+04 0.1368E+04 0.1374E+04 0.1380E+04 0.1388E+04 0.1396E+04 0.1406E+04 0.1417E+04 0.1430E+04 0.1433E+04 0.1394E+04 0.7011E+03
P(K,1)=-0.7087E+05-0.1417E+04-0.1390E+04-0.1401E+04-0.1409E+04-0.1416E+04-0.1421E+04-0.1425E+04-0.1430E+04-0.1434E+04-0.1438E+04-0.1444E+04-0.1449E+04-0.1455E+04-0.1462E+04-0.1469E+04-0.1476E+04-0.1482E+04-0.1484E+04-0.1477E+04-0.1476E+06
PRESSURE AT J=2-0.8561E+03-0.2716E+04-0.2739E+04-0.2806E+04-0.2821E+04-0.2832E+04-0.2843E+04-0.2851E+04-0.2859E+04-0.2867E+04-0.2876E+04-0.2887E+04-0.2898E+04-0.2910E+04-0.2923E+04-0.2938E+04-0.2953E+04-0.2968E+04-0.2978E+04-0.2946E+04-0.1476E+04
PRESSURE AT J=3-0.8898E+03-0.2703E+04-0.2717E+04-0.2825E+04-0.2834E+04-0.2845E+04-0.2854E+04-0.2861E+04-0.2867E+04-0.2874E+04-0.2883E+04-0.2893E+04-0.2905E+04-0.2918E+04-0.2933E+04-0.2949E+04-0.2968E+04-0.2990E+04-0.3005E+04-0.2950E+04-0.1482E+04
AT J=2, U=  0.000000  1.614811  3.516003  3.817757  4.340134  4.514793  4.615379  4.706055  4.784332  4.850708  4.893265  4.866776  4.818474  4.763748  4.709518  4.656494  4.586006  4.406830  4.007141  2.103798  0.000000
AT J=2, V=  0.000000  2.430489 12.235260  2.727829  1.285192  0.399320  0.220874  0.222441  0.249364  0.297056  0.354176  0.413875  0.471416  0.522739  0.561923  0.553431  0.300211 -1.171028 -9.051231 -1.439011  0.000000
AT J=(NX+1)/2, U=  0.000000 -0.165849 -0.399158 -0.389648 -0.439370 -0.465869 -0.494083 -0.545090 -0.621158 -0.725510 -0.858859 -1.018230 -1.197455 -1.387243 -1.574881 -1.741546 -1.859039 -1.885980 -1.846747 -0.935938  0.000000
AT J=(NX+1)/2, V=  0.000000  5.274261 26.488636  6.055474  3.194311  0.951592  0.381688  0.228581  0.147681  0.147147  0.195810  0.282269  0.397649  0.529909  0.648441  0.648036  0.080830 -3.021373-19.508749 -3.332840  0.000000
AT J=NX-1, U=  0.000000  1.117119 -4.262230 -3.730949 -3.875839 -3.703941 -3.529945 -3.445618 -3.416725 -3.440155 -3.516727 -3.653606 -3.862541 -4.162563 -4.584763 -5.171566 -5.961735 -7.013653 -7.815437 -1.779015  0.000000
AT J=NX-1, V=  0.000000  2.040459 11.334225  2.099134  0.719609 -0.249085 -0.609388 -0.847033 -1.083900 -1.326151 -1.592192 -1.895522 -2.251214 -2.676703 -3.192391 -3.823245 -4.612115 -5.847400 -9.713415 -3.592220  0.000000
AT OUTFLOW J=NX, U=  0.000000 11.243459  0.166551 -0.050805 -0.835980 -0.910801 -0.836946 -0.811631 -0.805971 -0.825825 -0.873035 -0.951862 -1.065949 -1.219115 -1.415786 -1.652542 -1.899610 -2.135928 -1.595466  7.463176  0.000000
AT OUTFLOW J=NX, V=  0.000000  0.000000  0.000000  0.000000  0.000000  0.000000  0.000000  0.000000  0.000000  0.000000  0.000000  0.000000  0.000000  0.000000  0.000000  0.000000  0.000000  0.000000  0.000000  0.000000  0.000000
AT OUTFLOW UE=  0.000000  0.285000  0.540000  0.765000  0.960000  1.125000  1.260000  1.365000  1.440000  1.485000  1.500000  1.485000  1.440000  1.365000  1.260000  1.125000  0.960000  0.765000  0.540000  0.285000  0.000000
AT CENTERLINE Y=0, U=  1.000000  4.893265 21.814945  5.333995  2.927278  1.146532  0.509781  0.223756  0.000849 -0.170908 -0.312845 -0.438167 -0.553409 -0.661766 -0.763883 -0.858859 -0.944747 -1.018556 -1.076156 -1.112165 -1.119902 -1.091698 -1.020251 -0.903104 -0.757716 -0.675515 -1.047795 -3.602103-18.227737 -3.516727 -0.873035
AT CENTERLINE Y=0, V=  0.000000  0.354176  0.688101  0.765977  0.808091  0.833428  0.836156  0.822748  0.795841  0.755849  0.702556  0.635246  0.552771  0.453509  0.335376  0.195810  0.031896 -0.159536 -0.381577 -0.636760 -0.926189 -1.248471 -1.598373 -1.965529 -2.332139 -2.669119 -2.940572 -3.089849 -2.989448 -1.592192  0.000000
ERROR=  0.000-10.958  0.373  0.816  1.796  2.036  2.097  2.177  2.246  2.311  2.373  2.437  2.506  2.584  2.676  2.778  2.860  2.901  2.135 -7.178  0.000
FLOW RATE= 0.9859E-01 TIME= 0.1000E+00 RMSU= 0.3698D+01 RMSQ= 0.1719D+01
P(K,1)=-0.2261E+05-0.4523E+03-0.4363E+03-0.4124E+03-0.3902E+03-0.3778E+03-0.3711E+03-0.3671E+03-0.3646E+03-0.3629E+03-0.3618E+03-0.3611E+03-0.3606E+03-0.3602E+03-0.3596E+03-0.3589E+03-0.3584E+03-0.3595E+03-0.3670E+03-0.3833E+03-0.3868E+05
PRESSURE AT J=2-0.2746E+03-0.8721E+03-0.8804E+03-0.8231E+03-0.7705E+03-0.7500E+03-0.7394E+03-0.7329E+03-0.7284E+03-0.7253E+03-0.7231E+03-0.7220E+03-0.7213E+03-0.7205E+03-0.7194E+03-0.7177E+03-0.7152E+03-0.7127E+03-0.7252E+03-0.7794E+03-0.3903E+03
PRESSURE AT J=3-0.2865E+03-0.8714E+03-0.9184E+03-0.8642E+03-0.7792E+03-0.7670E+03-0.7627E+03-0.7608E+03-0.7595E+03-0.7585E+03-0.7576E+03-0.7567E+03-0.7554E+03-0.7539E+03-0.7518E+03-0.7484E+03-0.7421E+03-0.7289E+03-0.7362E+03-0.8015E+03-0.3949E+03
